0 info it worked if it ends with ok
1 verbose cli [ 'C:\\software\\node.exe',
1 verbose cli   'C:\\software\\node_modules\\npm\\bin\\npm-cli.js',
1 verbose cli   'start' ]
2 info using npm@3.10.10
3 info using node@v6.10.3
4 verbose run-script [ 'prestart', 'start', 'poststart' ]
5 info lifecycle tutorial@1.0.0~prestart: tutorial@1.0.0
6 silly lifecycle tutorial@1.0.0~prestart: no script for prestart, continuing
7 info lifecycle tutorial@1.0.0~start: tutorial@1.0.0
8 verbose lifecycle tutorial@1.0.0~start: unsafe-perm in lifecycle true
9 verbose lifecycle tutorial@1.0.0~start: PATH: C:\software\node_modules\npm\bin\node-gyp-bin;E:\study\zhangyanwei\react-router-tutorial\lessons\02-rendering-a-route\node_modules\.bin;C:\ProgramData\Oracle\Java\javapath;C:\Windows\system32;C:\Windows;C:\Windows\System32\Wbem;C:\Windows\System32\WindowsPowerShell\v1.0\;C:\software\;C:\software\Git\cmd;C:\Program Files\Java\jdk1.8.0_131\bin;C:\Program Files\Java\jdk1.8.0_131\lib;C:\software\xampp\php;C:\Users\user\AppData\Local\Microsoft\WindowsApps;C:\Users\user\AppData\Roaming\npm;C:\Program Files (x86)\Microsoft VS Code\bin
10 verbose lifecycle tutorial@1.0.0~start: CWD: E:\study\zhangyanwei\react-router-tutorial\lessons\02-rendering-a-route
11 silly lifecycle tutorial@1.0.0~start: Args: [ '/d /s /c', 'webpack-dev-server --inline --content-base .' ]
12 silly lifecycle tutorial@1.0.0~start: Returned: code: 3221225786  signal: null
13 info lifecycle tutorial@1.0.0~start: Failed to exec start script
14 verbose stack Error: tutorial@1.0.0 start: `webpack-dev-server --inline --content-base .`
14 verbose stack Exit status 3221225786
14 verbose stack     at EventEmitter.<anonymous> (C:\software\node_modules\npm\lib\utils\lifecycle.js:255:16)
14 verbose stack     at emitTwo (events.js:106:13)
14 verbose stack     at EventEmitter.emit (events.js:191:7)
14 verbose stack     at ChildProcess.<anonymous> (C:\software\node_modules\npm\lib\utils\spawn.js:40:14)
14 verbose stack     at emitTwo (events.js:106:13)
14 verbose stack     at ChildProcess.emit (events.js:191:7)
14 verbose stack     at maybeClose (internal/child_process.js:886:16)
14 verbose stack     at Process.ChildProcess._handle.onexit (internal/child_process.js:226:5)
15 verbose pkgid tutorial@1.0.0
16 verbose cwd E:\study\zhangyanwei\react-router-tutorial\lessons\02-rendering-a-route
17 error Windows_NT 10.0.14393
18 error argv "C:\\software\\node.exe" "C:\\software\\node_modules\\npm\\bin\\npm-cli.js" "start"
19 error node v6.10.3
20 error npm  v3.10.10
21 error code ELIFECYCLE
22 error tutorial@1.0.0 start: `webpack-dev-server --inline --content-base .`
22 error Exit status 3221225786
23 error Failed at the tutorial@1.0.0 start script 'webpack-dev-server --inline --content-base .'.
23 error Make sure you have the latest version of node.js and npm installed.
23 error If you do, this is most likely a problem with the tutorial package,
23 error not with npm itself.
23 error Tell the author that this fails on your system:
23 error     webpack-dev-server --inline --content-base .
23 error You can get information on how to open an issue for this project with:
23 error     npm bugs tutorial
23 error Or if that isn't available, you can get their info via:
23 error     npm owner ls tutorial
23 error There is likely additional logging output above.
24 verbose exit [ 1, true ]
